<?xml version="1.0" encoding="UTF-8"?>
<testsuite xmlns:xsi="http://www.w3.org/2001/XMLSchema-instance" xsi:noNamespaceSchemaLocation="https://maven.apache.org/surefire/maven-surefire-plugin/xsd/surefire-test-report.xsd" version="3.0.2" name="com.codingchallenge.projectmanagementapi.ProjectmanagementapiApplicationTests" time="3.277" tests="1" errors="0" skipped="0" failures="0">
  <properties>
[...]
</properties>
  <testcase name="contextLoads" classname="com.codingchallenge.projectmanagementapi.ProjectmanagementapiApplicationTests" time="0.287">
    <system-out><![CDATA[21:16:59.152 [main] INFO org.springframework.test.context.support.AnnotationConfigContextLoaderUtils -- Could not detect default configuration classes for test class [com.codingchallenge.projectmanagementapi.ProjectmanagementapiApplicationTests]: ProjectmanagementapiApplicationTests does not declare any static, non-private, non-final, nested classes annotated with @Configuration.
21:16:59.223 [main] INFO org.springframework.boot.test.context.SpringBootTestContextBootstrapper -- Found @SpringBootConfiguration com.codingchallenge.projectmanagementapi.ProjectmanagementapiApplication for test class com.codingchallenge.projectmanagementapi.ProjectmanagementapiApplicationTests
21:16:59.313 [main] INFO org.springframework.boot.devtools.restart.RestartApplicationListener -- Restart disabled due to context in which it is running

  .   ____          _            __ _ _
 /\\ / ___'_ __ _ _(_)_ __  __ _ \ \ \ \
( ( )\___ | '_ | '_| | '_ \/ _` | \ \ \ \
 \\/  ___)| |_)| | | | | || (_| |  ) ) ) )
  '  |____| .__|_| |_|_| |_\__, | / / / /
 =========|_|==============|___/=/_/_/_/

 :: Spring Boot ::                (v3.5.0)

2025-06-22T21:16:59.475-07:00  INFO 18202 --- [projectmanagementapi] [           main] c.p.ProjectmanagementapiApplicationTests : Starting ProjectmanagementapiApplicationTests using Java 21.0.7 with PID 18202 (started by home in /Users/home/Desktop/gtpprojects/coding-challenge)
2025-06-22T21:16:59.475-07:00  INFO 18202 --- [projectmanagementapi] [           main] c.p.ProjectmanagementapiApplicationTests : No active profile set, falling back to 1 default profile: "default"
2025-06-22T21:16:59.901-07:00  INFO 18202 --- [projectmanagementapi] [           main] .s.d.r.c.RepositoryConfigurationDelegate : Bootstrapping Spring Data JPA repositories in DEFAULT mode.
2025-06-22T21:16:59.932-07:00  INFO 18202 --- [projectmanagementapi] [           main] .s.d.r.c.RepositoryConfigurationDelegate : Finished Spring Data repository scanning in 25 ms. Found 2 JPA repository interfaces.
2025-06-22T21:17:00.120-07:00  INFO 18202 --- [projectmanagementapi] [           main] com.zaxxer.hikari.HikariDataSource       : HikariPool-1 - Starting...
2025-06-22T21:17:00.265-07:00  INFO 18202 --- [projectmanagementapi] [           main] com.zaxxer.hikari.pool.HikariPool        : HikariPool-1 - Added connection org.postgresql.jdbc.PgConnection@63f40ca0
2025-06-22T21:17:00.266-07:00  INFO 18202 --- [projectmanagementapi] [           main] com.zaxxer.hikari.HikariDataSource       : HikariPool-1 - Start completed.
2025-06-22T21:17:00.332-07:00  INFO 18202 --- [projectmanagementapi] [           main] o.hibernate.jpa.internal.util.LogHelper  : HHH000204: Processing PersistenceUnitInfo [name: default]
2025-06-22T21:17:00.360-07:00  INFO 18202 --- [projectmanagementapi] [           main] org.hibernate.Version                    : HHH000412: Hibernate ORM core version 6.6.15.Final
2025-06-22T21:17:00.378-07:00  INFO 18202 --- [projectmanagementapi] [           main] o.h.c.internal.RegionFactoryInitiator    : HHH000026: Second-level cache disabled
2025-06-22T21:17:00.528-07:00  INFO 18202 --- [projectmanagementapi] [           main] o.s.o.j.p.SpringPersistenceUnitInfo      : No LoadTimeWeaver setup: ignoring JPA class transformer
2025-06-22T21:17:00.560-07:00  WARN 18202 --- [projectmanagementapi] [           main] org.hibernate.orm.deprecation            : HHH90000025: PostgreSQLDialect does not need to be specified explicitly using 'hibernate.dialect' (remove the property setting and it will be selected by default)
2025-06-22T21:17:00.570-07:00  INFO 18202 --- [projectmanagementapi] [           main] org.hibernate.orm.connections.pooling    : HHH10001005: Database info:
	Database JDBC URL [Connecting through datasource 'HikariDataSource (HikariPool-1)']
	Database driver: undefined/unknown
	Database version: 17.4
	Autocommit mode: undefined/unknown
	Isolation level: undefined/unknown
	Minimum pool size: undefined/unknown
	Maximum pool size: undefined/unknown
2025-06-22T21:17:01.085-07:00  INFO 18202 --- [projectmanagementapi] [           main] o.h.e.t.j.p.i.JtaPlatformInitiator       : HHH000489: No JTA platform available (set 'hibernate.transaction.jta.platform' to enable JTA platform integration)
2025-06-22T21:17:01.190-07:00  INFO 18202 --- [projectmanagementapi] [           main] j.LocalContainerEntityManagerFactoryBean : Initialized JPA EntityManagerFactory for persistence unit 'default'
2025-06-22T21:17:01.338-07:00  INFO 18202 --- [projectmanagementapi] [           main] o.s.d.j.r.query.QueryEnhancerFactory     : Hibernate is in classpath; If applicable, HQL parser will be used.
2025-06-22T21:17:01.795-07:00  WARN 18202 --- [projectmanagementapi] [           main] JpaBaseConfiguration$JpaWebConfiguration : spring.jpa.open-in-view is enabled by default. Therefore, database queries may be performed during view rendering. Explicitly configure spring.jpa.open-in-view to disable this warning
2025-06-22T21:17:02.046-07:00  INFO 18202 --- [projectmanagementapi] [           main] c.p.ProjectmanagementapiApplicationTests : Started ProjectmanagementapiApplicationTests in 2.74 seconds (process running for 3.271)
]]></system-out>
    <system-err><![CDATA[Mockito is currently self-attaching to enable the inline-mock-maker. This will no longer work in future releases of the JDK. Please add Mockito as an agent to your build as described in Mockito's documentation: https://javadoc.io/doc/org.mockito/mockito-core/latest/org.mockito/org/mockito/Mockito.html#0.3
WARNING: A Java agent has been loaded dynamically (/Users/home/.m2/repository/net/bytebuddy/byte-buddy-agent/1.17.5/byte-buddy-agent-1.17.5.jar)
WARNING: If a serviceability tool is in use, please run with -XX:+EnableDynamicAgentLoading to hide this warning
WARNING: If a serviceability tool is not in use, please run with -Djdk.instrument.traceUsage for more information
WARNING: Dynamic loading of agents will be disallowed by default in a future release
]]></system-err>
  </testcase>
</testsuite>